[2025-07-17 23:34:47] [INFO] [MAIN] ===== Майнкрафт Хост v0.3.0a =====
[2025-07-17 23:34:47] [INFO] [MAIN] Чтение конфигураций...
[2025-07-17 23:34:47] [INFO] [MAIN] Инициализация серверов...
[2025-07-17 23:34:47] [INFO] [CONFIG] Конфигурация успешно загружена: "C:\Program Files\Zulu\zulu-17\bin\java.exe" -Xmx10G "@libraries/net/minecraftforge/forge/1.20.1-47.3.22/win_args.txt" nogui
[2025-07-17 23:34:47] [INFO] [MAIN] Успешно!
[2025-07-17 23:34:47] [INFO] [MAIN] HTTP запущен по флагу
[2025-07-17 23:34:47] [INFO] [MAIN] Запуск потоков...
[2025-07-17 23:34:47] [INFO] [MAIN] Успешно!
[2025-07-17 23:36:47] [INFO] [MAIN] ===== Майнкрафт Хост v0.3.0a =====
[2025-07-17 23:36:47] [INFO] [MAIN] Чтение конфигураций...
[2025-07-17 23:36:47] [INFO] [MAIN] Инициализация серверов...
[2025-07-17 23:36:47] [INFO] [CONFIG] Конфигурация успешно загружена: "C:\Program Files\Zulu\zulu-17\bin\java.exe" -Xmx10G "@libraries/net/minecraftforge/forge/1.20.1-47.3.22/win_args.txt" nogui
[2025-07-17 23:36:47] [INFO] [MAIN] Успешно!
[2025-07-17 23:36:47] [INFO] [MAIN] HTTP запущен по флагу
[2025-07-17 23:36:47] [INFO] [MAIN] Запуск потоков...
[2025-07-17 23:36:47] [INFO] [MAIN] Успешно!
[2025-07-17 23:38:23] [INFO] [MAIN] ===== Майнкрафт Хост v0.3.0a =====
[2025-07-17 23:38:23] [INFO] [MAIN] Чтение конфигураций...
[2025-07-17 23:38:23] [INFO] [MAIN] Инициализация серверов...
[2025-07-17 23:38:23] [INFO] [CONFIG] Конфигурация успешно загружена: "C:\Program Files\Zulu\zulu-17\bin\java.exe" -Xmx10G "@libraries/net/minecraftforge/forge/1.20.1-47.3.22/win_args.txt" nogui
[2025-07-17 23:38:23] [INFO] [MAIN] Успешно!
[2025-07-17 23:38:23] [INFO] [MAIN] HTTP запущен по флагу
[2025-07-17 23:38:23] [INFO] [MAIN] Запуск потоков...
[2025-07-17 23:38:23] [INFO] [MAIN] Успешно!
[2025-07-17 23:40:08] [INFO] [MAIN] ===== Майнкрафт Хост v0.3.0a =====
[2025-07-17 23:40:08] [INFO] [MAIN] Чтение конфигураций...
[2025-07-17 23:40:08] [INFO] [MAIN] Инициализация серверов...
[2025-07-17 23:40:08] [INFO] [CONFIG] Конфигурация успешно загружена: "C:\Program Files\Zulu\zulu-17\bin\java.exe" -Xmx10G "@libraries/net/minecraftforge/forge/1.20.1-47.3.22/win_args.txt" nogui
[2025-07-17 23:40:08] [INFO] [MAIN] Успешно!
[2025-07-17 23:40:08] [INFO] [MAIN] HTTP запущен по флагу
[2025-07-17 23:40:08] [INFO] [MAIN] Запуск потоков...
[2025-07-17 23:40:08] [INFO] [MAIN] Успешно!
[2025-07-17 23:42:41] [INFO] [SHUTDOWN] Получен сигнал завершения ( Console close X )
